Arguments: 
  C:\Program Files\nodejs\node.exe C:\Users\PC\AppData\Roaming\npm\node_modules\yarn\bin\yarn.js add dotevn

PATH: 
  C:\Program Files (x86)\Common Files\Oracle\Java\javapath;C:\WINDOWS\system32;C:\WINDOWS;C:\WINDOWS\System32\Wbem;C:\WINDOWS\System32\WindowsPowerShell\v1.0\;C:\WINDOWS\System32\OpenSSH\;C:\Program Files\Java\jdk1.8.0_191\bin;C:\Program Files\Git\cmd;C:\Program Files\PuTTY\;D:\SOURCE\APACHE_MVN\apache-maven-3.8.1\bin;C:\Program Files\Java\jdk1.8.0_191;C:\Users\PC\AppData\Local\Android\sdk\cmdline-tools\tools\bin;C:\Users\PC\AppData\Local\Android\sdk\platform-tools;C:\Users\PC\AppData\Local\Android\sdk\emulator;C:\Users\PC\AppData\Roaming\nvm;C:\Program Files\nodejs;D:\workspaces\scoop\shims;C:\Users\PC\AppData\Local\Microsoft\WindowsApps;C:\Program Files\heroku\bin;C:\Users\PC\AppData\Roaming\npm;C:\Users\PC\AppData\Local\Programs\Microsoft VS Code\bin;C:\Users\PC\AppData\Local\Microsoft\WindowsApps;C:\Users\PC\AppData\Roaming\nvm;C:\Program Files\nodejs

Yarn version: 
  1.22.19

Node version: 
  20.5.0

Platform: 
  win32 x64

Trace: 
  Error: https://registry.yarnpkg.com/dotevn: Not found
      at params.callback [as _callback] (C:\Users\PC\AppData\Roaming\npm\node_modules\yarn\lib\cli.js:66145:18)
      at self.callback (C:\Users\PC\AppData\Roaming\npm\node_modules\yarn\lib\cli.js:140890:22)
      at Request.emit (node:events:514:28)
      at Request.<anonymous> (C:\Users\PC\AppData\Roaming\npm\node_modules\yarn\lib\cli.js:141862:10)
      at Request.emit (node:events:514:28)
      at IncomingMessage.<anonymous> (C:\Users\PC\AppData\Roaming\npm\node_modules\yarn\lib\cli.js:141784:12)
      at Object.onceWrapper (node:events:628:28)
      at IncomingMessage.emit (node:events:526:35)
      at endReadableNT (node:internal/streams/readable:1376:12)
      at process.processTicksAndRejections (node:internal/process/task_queues:82:21)

npm manifest: 
  {
    "name": "PLAYWRIGHT",
    "version": "1.0.0",
    "main": "index.js",
    "license": "MIT",
    "devDependencies": {
      "@playwright/test": "^1.36.2"
    },
    "scripts": {
      "test": "playwright test",
      "show-report": "playwright show-report"
    }
  }

yarn manifest: 
  No manifest

Lockfile: 
  # THIS IS AN AUTOGENERATED FILE. DO NOT EDIT THIS FILE DIRECTLY.
  # yarn lockfile v1
  
  
  "@playwright/test@^1.36.2":
    version "1.36.2"
    resolved "https://registry.yarnpkg.com/@playwright/test/-/test-1.36.2.tgz#9edd68a02b0929c5d78d9479a654ceb981dfb592"
    integrity sha512-2rVZeyPRjxfPH6J0oGJqE8YxiM1IBRyM8hyrXYK7eSiAqmbNhxwcLa7dZ7fy9Kj26V7FYia5fh9XJRq4Dqme+g==
    dependencies:
      "@types/node" "*"
      playwright-core "1.36.2"
    optionalDependencies:
      fsevents "2.3.2"
  
  "@types/node@*":
    version "20.4.8"
    resolved "https://registry.yarnpkg.com/@types/node/-/node-20.4.8.tgz#b5dda19adaa473a9bf0ab5cbd8f30ec7d43f5c85"
    integrity sha512-0mHckf6D2DiIAzh8fM8f3HQCvMKDpK94YQ0DSVkfWTG9BZleYIWudw9cJxX8oCk9bM+vAkDyujDV6dmKHbvQpg==
  
  fsevents@2.3.2:
    version "2.3.2"
    resolved "https://registry.yarnpkg.com/fsevents/-/fsevents-2.3.2.tgz#8a526f78b8fdf4623b709e0b975c52c24c02fd1a"
    integrity sha512-xiqMQR4xAeHTuB9uWm+fFRcIOgKBMiOBP+eXiyT7jsgVCq1bkVygt00oASowB7EdtpOHaaPgKt812P9ab+DDKA==
  
  playwright-core@1.36.2:
    version "1.36.2"
    resolved "https://registry.yarnpkg.com/playwright-core/-/playwright-core-1.36.2.tgz#32382f2d96764c24c65a86ea336cf79721c2e50e"
    integrity sha512-sQYZt31dwkqxOrP7xy2ggDfEzUxM1lodjhsQ3NMMv5uGTRDsLxU0e4xf4wwMkF2gplIxf17QMBCodSFgm6bFVQ==
